[Wed Mar 11 13:58:12 2015] [debug] Reading configuration file "D:\GIT\RollsRoller\rolls_roller\script\app.conf"
[Wed Mar 11 13:58:17 2015] [debug] GET "/"
[Wed Mar 11 13:58:17 2015] [debug] Routing to controller "RollsRoller::Controller::Index" and action "welcome"
[Wed Mar 11 13:58:17 2015] [debug] Rendering template "index.html.ep"
[Wed Mar 11 13:58:17 2015] [debug] 200 OK (0.054731s, 18.271/s)
[Wed Mar 11 13:58:28 2015] [debug] POST "/"
[Wed Mar 11 13:58:28 2015] [debug] Routing to controller "RollsRoller::Controller::Index" and action "diller"
[Wed Mar 11 13:58:28 2015] [debug] 200 OK (0.052694s, 18.977/s)
[Wed Mar 11 13:59:04 2015] [debug] POST "/"
[Wed Mar 11 13:59:04 2015] [debug] Routing to controller "RollsRoller::Controller::Index" and action "diller"
[Wed Mar 11 13:59:05 2015] [debug] 200 OK (0.014756s, 67.769/s)
[Wed Mar 11 13:59:32 2015] [debug] Reading configuration file "D:\GIT\RollsRoller\rolls_roller\script\app.conf"
[Wed Mar 11 13:59:44 2015] [debug] GET "/"
[Wed Mar 11 13:59:44 2015] [debug] Routing to controller "RollsRoller::Controller::Index" and action "welcome"
[Wed Mar 11 13:59:44 2015] [debug] Rendering template "index.html.ep"
[Wed Mar 11 13:59:44 2015] [debug] 200 OK (0.051210s, 19.527/s)
[Wed Mar 11 13:59:53 2015] [debug] POST "/"
[Wed Mar 11 13:59:53 2015] [debug] Routing to controller "RollsRoller::Controller::Index" and action "diller"
[Wed Mar 11 13:59:53 2015] [debug] 200 OK (0.016686s, 59.930/s)
[Wed Mar 11 14:03:13 2015] [debug] Reading configuration file "D:\GIT\RollsRoller\rolls_roller\script\app.conf"
[Wed Mar 11 14:03:15 2015] [debug] GET "/"
[Wed Mar 11 14:03:15 2015] [debug] Routing to controller "RollsRoller::Controller::Index" and action "welcome"
[Wed Mar 11 14:03:15 2015] [debug] Rendering template "index.html.ep"
[Wed Mar 11 14:03:15 2015] [debug] 200 OK (0.074731s, 13.381/s)
[Wed Mar 11 14:03:26 2015] [debug] POST "/"
[Wed Mar 11 14:03:26 2015] [debug] Routing to controller "RollsRoller::Controller::Index" and action "diller"
[Wed Mar 11 14:03:26 2015] [debug] 200 OK (0.004261s, 234.687/s)
[Wed Mar 11 14:03:37 2015] [debug] GET "/"
[Wed Mar 11 14:03:37 2015] [debug] Routing to controller "RollsRoller::Controller::Index" and action "welcome"
[Wed Mar 11 14:03:37 2015] [debug] Rendering cached template "index.html.ep"
[Wed Mar 11 14:03:37 2015] [debug] 200 OK (0.002450s, 408.163/s)
